01/09/2023 01:05:58 PM: INFO: ****************Test_001_Login****************
01/09/2023 01:05:58 PM: INFO: ****************Verifying Homepage Title****************
01/09/2023 01:06:04 PM: INFO: ****************Homepage Title Test is passed****************
01/09/2023 01:06:06 PM: INFO: ****************Verifying Login Test****************
01/09/2023 01:06:13 PM: INFO: ****************Login Test is passed****************
01/09/2023 08:11:11 PM: INFO: ****************Test_001_Login****************
01/09/2023 08:11:11 PM: INFO: ****************Verifying Homepage Title****************
01/09/2023 08:11:16 PM: INFO: ****************Homepage Title Test is passed****************
01/09/2023 08:11:19 PM: INFO: ****************Verifying Login Test****************
01/09/2023 08:11:48 PM: INFO: ****************Login Test is passed****************
01/09/2023 08:12:22 PM: INFO: ****************Test_001_Login****************
01/09/2023 08:12:22 PM: INFO: ****************Verifying Homepage Title****************
01/09/2023 08:12:43 PM: INFO: ****************Homepage Title Test is passed****************
01/09/2023 08:12:45 PM: INFO: ****************Verifying Login Test****************
01/09/2023 08:13:04 PM: INFO: ****************Login Test is passed****************
01/09/2023 08:14:26 PM: INFO: ****************Test_001_Login****************
01/09/2023 08:14:26 PM: INFO: ****************Verifying Homepage Title****************
01/09/2023 08:14:43 PM: INFO: ****************Homepage Title Test is passed****************
01/09/2023 08:15:09 PM: INFO: ****************Verifying Login Test****************
01/09/2023 08:15:41 PM: INFO: ****************Login Test is passed****************
01/09/2023 08:23:35 PM: INFO: ****************Test_001_Login****************
****
01/09/2023 08:23:35 PM: INFO: ****************Verifying Homepage Title****************
01/09/2023 08:23:42 PM: INFO: ****************Homepage Title Test is passed****************
01/09/2023 08:24:12 PM: INFO: ****************Login Test is passed****************
01/09/2023 09:09:55 PM: INFO: ****************Test_001_Login****************
****
01/09/2023 09:09:55 PM: INFO: ****************Verifying Homepage Title****************
01/09/2023 09:10:05 PM: INFO: ****************Homepage Title Test is passed****************
01/09/2023 09:10:36 PM: INFO: ****************Login Test is passed****************
01/09/2023 09:20:51 PM: INFO: ****************Verifying Login Test****************
01/09/2023 09:20:51 PM: INFO: ****************Verifying Homepage Title****************
01/09/2023 09:21:18 PM: INFO: ****************Homepage Title Test is passed****************
01/09/2023 09:21:37 PM: INFO: ****************Login Test is passed****************
01/09/2023 09:23:38 PM: INFO: ****************Verifying Login Test****************
01/09/2023 09:23:38 PM: INFO: ****************Test_001_Login****************
01/09/2023 09:23:38 PM: INFO: ****************Verifying Homepage Title****************
01/09/2023 09:24:03 PM: INFO: ****************Homepage Title Test is passed****************
01/09/2023 09:24:28 PM: INFO: ****************Login Test is passed****************
01/09/2023 09:34:31 PM: INFO: ****************Test_001_Login****************
01/09/2023 09:34:31 PM: INFO: ****************Verifying Homepage Title****************
01/09/2023 09:34:44 PM: INFO: ****************Homepage Title Test is passed****************
01/09/2023 09:34:46 PM: INFO: ****************Verifying Login Test****************
01/09/2023 09:35:10 PM: INFO: ****************Login Test is passed****************
01/09/2023 10:34:51 PM: INFO: **************** Test_002_DDT_Login ****************
01/09/2023 10:34:51 PM: INFO: **************** Verifying Login DDT Test ****************
01/09/2023 10:35:34 PM: INFO: *** Passed ***
01/09/2023 10:35:36 PM: INFO: *** Login DDT test Passed ***
01/09/2023 10:37:50 PM: INFO: **************** Test_002_DDT_Login ****************
01/09/2023 10:37:50 PM: INFO: **************** Verifying Login DDT Test ****************
01/09/2023 10:38:30 PM: INFO: *** Passed ***
01/09/2023 10:38:39 PM: INFO: *** Passed ***
01/09/2023 10:41:59 PM: INFO: **************** Test_002_DDT_Login ****************
01/09/2023 10:41:59 PM: INFO: **************** Verifying Login DDT Test ****************
01/09/2023 10:42:24 PM: INFO: *** Passed ***
01/09/2023 10:42:34 PM: INFO: *** Passed ***
01/09/2023 10:45:48 PM: INFO: **************** Test_002_DDT_Login ****************
01/09/2023 10:45:48 PM: INFO: **************** Verifying Login DDT Test ****************
01/09/2023 10:46:11 PM: INFO: *** Passed ***
01/09/2023 10:46:19 PM: INFO: *** Passed ***
01/09/2023 10:46:25 PM: INFO: *** Passed ***
01/09/2023 10:46:31 PM: INFO: *** Passed ***
01/09/2023 10:46:31 PM: INFO: *** Login DDT test Passed ***
01/09/2023 10:46:32 PM: INFO: *** End of login DDT test ***
01/09/2023 10:46:32 PM: INFO: *** Completed Test_002_DDT_Login ***
01/11/2023 03:42:44 PM: INFO: **************** Test_003_AddCustomer ****************
01/11/2023 03:43:32 PM: INFO: **************** Login Successful ****************
01/11/2023 03:43:32 PM: INFO: **************** Starting addCustomer test ****************
01/11/2023 03:48:02 PM: INFO: **************** Test_003_AddCustomer ****************
01/11/2023 03:48:30 PM: INFO: **************** Login Successful ****************
01/11/2023 03:48:30 PM: INFO: **************** Starting addCustomer test ****************
01/11/2023 03:55:26 PM: INFO: **************** Test_003_AddCustomer ****************
01/11/2023 03:55:50 PM: INFO: **************** Login Successful ****************
01/11/2023 03:55:50 PM: INFO: **************** Starting addCustomer test ****************
01/11/2023 04:02:18 PM: INFO: **************** Test_003_AddCustomer ****************
01/11/2023 04:02:37 PM: INFO: **************** Login Successful ****************
01/11/2023 04:02:37 PM: INFO: **************** Starting addCustomer test ****************
01/11/2023 04:05:28 PM: INFO: **************** Test_003_AddCustomer ****************
01/11/2023 04:06:43 PM: INFO: **************** Test_003_AddCustomer ****************
01/11/2023 04:08:29 PM: INFO: **************** Test_003_AddCustomer ****************
01/11/2023 04:09:53 PM: INFO: **************** Test_003_AddCustomer ****************
01/11/2023 04:25:35 PM: INFO: **************** Test_003_AddCustomer ****************
01/11/2023 07:05:11 PM: INFO: **************** Test_003_AddCustomer ****************
01/11/2023 07:06:33 PM: INFO: **************** Test_003_AddCustomer ****************
01/11/2023 07:07:05 PM: INFO: **************** Login Successful ****************
01/11/2023 07:07:36 PM: INFO: **************** Test_003_AddCustomer ****************
01/11/2023 07:08:07 PM: INFO: **************** Login Successful ****************
01/11/2023 07:08:07 PM: INFO: **************** Starting addCustomer test ****************
01/11/2023 07:08:50 PM: INFO: **************** Test_003_AddCustomer ****************
01/11/2023 07:09:22 PM: INFO: **************** Login Successful ****************
01/11/2023 07:09:22 PM: INFO: **************** Starting addCustomer test ****************
01/11/2023 07:16:21 PM: INFO: **************** Test_003_AddCustomer ****************
01/11/2023 07:16:41 PM: INFO: **************** Login Successful ****************
01/11/2023 07:16:41 PM: INFO: **************** Starting addCustomer test ****************
01/11/2023 07:44:43 PM: INFO: **************** Test_003_AddCustomer ****************
01/11/2023 07:45:08 PM: INFO: **************** Login Successful ****************
01/11/2023 07:45:08 PM: INFO: **************** Starting addCustomer test ****************
01/11/2023 07:46:02 PM: INFO: **************** Test_003_AddCustomer ****************
01/11/2023 07:46:19 PM: INFO: **************** Login Successful ****************
01/11/2023 07:46:19 PM: INFO: **************** Starting addCustomer test ****************
01/11/2023 07:46:27 PM: INFO: **************** Providing Customer Info ****************
01/11/2023 07:49:00 PM: INFO: **************** Test_003_AddCustomer ****************
01/11/2023 07:49:21 PM: INFO: **************** Login Successful ****************
01/11/2023 07:49:21 PM: INFO: **************** Starting addCustomer test ****************
01/11/2023 07:49:27 PM: INFO: **************** Providing Customer Info ****************
01/11/2023 08:02:46 PM: INFO: **************** Test_003_AddCustomer ****************
01/11/2023 08:03:09 PM: INFO: **************** Login Successful ****************
01/11/2023 08:03:09 PM: INFO: **************** Starting addCustomer test ****************
01/11/2023 08:03:21 PM: INFO: **************** Providing Customer Info ****************
01/11/2023 08:13:16 PM: INFO: **************** Test_003_AddCustomer ****************
01/11/2023 08:13:49 PM: INFO: **************** Login Successful ****************
01/11/2023 08:13:49 PM: INFO: **************** Starting addCustomer test ****************
01/11/2023 08:14:40 PM: INFO: **************** Providing Customer Info ****************
01/11/2023 08:15:24 PM: INFO: **************** Test_003_AddCustomer ****************
01/11/2023 08:15:37 PM: INFO: **************** Login Successful ****************
01/11/2023 08:15:37 PM: INFO: **************** Starting addCustomer test ****************
01/11/2023 08:15:42 PM: INFO: **************** Providing Customer Info ****************
01/11/2023 09:59:13 PM: INFO: **************** Test_003_AddCustomer ****************
01/11/2023 09:59:40 PM: INFO: **************** Login Successful ****************
01/11/2023 09:59:40 PM: INFO: **************** Starting addCustomer test ****************
01/11/2023 10:00:05 PM: INFO: **************** Providing Customer Info ****************
01/11/2023 10:00:15 PM: INFO: **************** Saving Customer Info ****************
01/11/2023 10:00:15 PM: INFO: **************** Add customer Validation Started ****************
01/11/2023 10:00:16 PM: INFO: **************** Add customer test failed ****************
01/11/2023 10:06:07 PM: INFO: **************** Test_003_AddCustomer ****************
01/11/2023 10:06:39 PM: INFO: **************** Login Successful ****************
01/11/2023 10:06:39 PM: INFO: **************** Starting addCustomer test ****************
01/11/2023 10:07:07 PM: INFO: **************** Providing Customer Info ****************
01/11/2023 10:07:16 PM: INFO: **************** Saving Customer Info ****************
01/11/2023 10:07:16 PM: INFO: **************** Add customer Validation Started ****************
01/11/2023 10:07:17 PM: INFO: **************** Add customer test failed ****************
01/11/2023 10:09:20 PM: INFO: **************** Test_003_AddCustomer ****************
01/11/2023 10:09:46 PM: INFO: **************** Login Successful ****************
01/11/2023 10:09:46 PM: INFO: **************** Starting addCustomer test ****************
01/11/2023 10:10:05 PM: INFO: **************** Providing Customer Info ****************
01/11/2023 10:10:07 PM: INFO: **************** Saving Customer Info ****************
01/11/2023 10:10:07 PM: INFO: **************** Add customer Validation Started ****************
01/11/2023 10:10:07 PM: INFO: **************** Add customer test failed ****************
01/11/2023 10:18:16 PM: INFO: **************** Test_003_AddCustomer ****************
01/11/2023 10:19:10 PM: INFO: **************** Login Successful ****************
01/11/2023 10:19:10 PM: INFO: **************** Starting addCustomer test ****************
01/11/2023 10:32:04 PM: INFO: **************** Test_003_AddCustomer ****************
01/11/2023 10:33:18 PM: INFO: **************** Login Successful ****************
01/11/2023 10:33:18 PM: INFO: **************** Starting addCustomer test ****************
01/11/2023 10:33:45 PM: INFO: **************** Providing Customer Info ****************
01/11/2023 10:33:48 PM: INFO: **************** Saving Customer Info ****************
01/11/2023 10:33:48 PM: INFO: **************** Add customer Validation Started ****************
01/11/2023 10:33:49 PM: INFO: **************** Add customer test failed ****************
01/11/2023 10:34:37 PM: INFO: **************** Test_003_AddCustomer ****************
01/11/2023 10:35:25 PM: INFO: **************** Login Successful ****************
01/11/2023 10:35:25 PM: INFO: **************** Starting addCustomer test ****************
01/11/2023 10:35:51 PM: INFO: **************** Providing Customer Info ****************
01/11/2023 10:35:55 PM: INFO: **************** Saving Customer Info ****************
01/11/2023 10:35:55 PM: INFO: **************** Add customer Validation Started ****************
01/11/2023 10:35:56 PM: INFO: **************** Add customer test passed ****************
01/11/2023 10:35:56 PM: INFO: **************** Ending Home Page Title Test ****************
01/11/2023 10:36:32 PM: INFO: **************** Test_003_AddCustomer ****************
01/11/2023 10:37:47 PM: INFO: **************** Login Successful ****************
01/11/2023 10:37:47 PM: INFO: **************** Starting addCustomer test ****************
01/11/2023 10:38:46 PM: INFO: **************** Providing Customer Info ****************
01/11/2023 10:38:58 PM: INFO: **************** Saving Customer Info ****************
01/11/2023 10:38:58 PM: INFO: **************** Add customer Validation Started ****************
01/11/2023 10:38:59 PM: INFO: **************** Add customer test failed ****************
01/11/2023 11:10:51 PM: INFO: **************** Test_003_AddCustomer ****************
01/11/2023 11:11:05 PM: INFO: **************** Login Successful ****************
01/11/2023 11:11:05 PM: INFO: **************** Starting addCustomer test ****************
01/11/2023 11:11:12 PM: INFO: **************** Providing Customer Info ****************
01/11/2023 11:11:23 PM: INFO: **************** Saving Customer Info ****************
01/11/2023 11:11:23 PM: INFO: **************** Add customer Validation Started ****************
01/11/2023 11:11:24 PM: INFO: **************** Add customer test failed ****************
01/11/2023 11:12:21 PM: INFO: **************** Test_003_AddCustomer ****************
01/11/2023 11:12:48 PM: INFO: **************** Login Successful ****************
01/11/2023 11:12:48 PM: INFO: **************** Starting addCustomer test ****************
01/11/2023 11:13:07 PM: INFO: **************** Providing Customer Info ****************
01/11/2023 11:13:19 PM: INFO: **************** Saving Customer Info ****************
01/11/2023 11:13:19 PM: INFO: **************** Add customer Validation Started ****************
01/11/2023 11:13:19 PM: INFO: **************** Add customer test failed ****************
01/11/2023 11:14:48 PM: INFO: **************** Test_003_AddCustomer ****************
01/11/2023 11:15:16 PM: INFO: **************** Login Successful ****************
01/11/2023 11:15:16 PM: INFO: **************** Starting addCustomer test ****************
01/11/2023 11:15:41 PM: INFO: **************** Providing Customer Info ****************
01/11/2023 11:21:33 PM: INFO: **************** Test_003_AddCustomer ****************
01/11/2023 11:22:11 PM: INFO: **************** Login Successful ****************
01/11/2023 11:22:11 PM: INFO: **************** Starting addCustomer test ****************
01/11/2023 11:22:38 PM: INFO: **************** Providing Customer Info ****************
01/11/2023 11:26:44 PM: INFO: **************** Test_003_AddCustomer ****************
01/11/2023 11:27:03 PM: INFO: **************** Login Successful ****************
01/11/2023 11:27:03 PM: INFO: **************** Starting addCustomer test ****************
01/11/2023 11:27:25 PM: INFO: **************** Providing Customer Info ****************
01/11/2023 11:30:53 PM: INFO: **************** Test_003_AddCustomer ****************
01/11/2023 11:31:14 PM: INFO: **************** Login Successful ****************
01/11/2023 11:31:14 PM: INFO: **************** Starting addCustomer test ****************
01/11/2023 11:31:34 PM: INFO: **************** Providing Customer Info ****************
01/11/2023 11:33:23 PM: INFO: **************** Test_003_AddCustomer ****************
01/11/2023 11:33:44 PM: INFO: **************** Login Successful ****************
01/11/2023 11:33:44 PM: INFO: **************** Starting addCustomer test ****************
01/11/2023 11:33:59 PM: INFO: **************** Providing Customer Info ****************
01/11/2023 11:36:07 PM: INFO: **************** Test_003_AddCustomer ****************
01/11/2023 11:36:25 PM: INFO: **************** Login Successful ****************
01/11/2023 11:36:25 PM: INFO: **************** Starting addCustomer test ****************
01/11/2023 11:36:37 PM: INFO: **************** Providing Customer Info ****************
01/11/2023 11:39:28 PM: INFO: **************** Test_003_AddCustomer ****************
01/11/2023 11:39:43 PM: INFO: **************** Login Successful ****************
01/11/2023 11:39:43 PM: INFO: **************** Starting addCustomer test ****************
01/11/2023 11:39:49 PM: INFO: **************** Providing Customer Info ****************
01/11/2023 11:41:09 PM: INFO: **************** Test_003_AddCustomer ****************
01/11/2023 11:41:23 PM: INFO: **************** Login Successful ****************
01/11/2023 11:41:23 PM: INFO: **************** Starting addCustomer test ****************
01/11/2023 11:41:29 PM: INFO: **************** Providing Customer Info ****************
01/11/2023 11:55:53 PM: INFO: **************** Test_003_AddCustomer ****************
01/11/2023 11:56:12 PM: INFO: **************** Login Successful ****************
01/11/2023 11:56:12 PM: INFO: **************** Starting addCustomer test ****************
01/11/2023 11:56:22 PM: INFO: **************** Providing Customer Info ****************
01/11/2023 11:57:45 PM: INFO: **************** Test_003_AddCustomer ****************
01/11/2023 11:58:01 PM: INFO: **************** Login Successful ****************
01/11/2023 11:58:01 PM: INFO: **************** Starting addCustomer test ****************
01/11/2023 11:58:07 PM: INFO: **************** Providing Customer Info ****************
01/12/2023 12:01:35 AM: INFO: **************** Test_003_AddCustomer ****************
01/12/2023 12:01:53 AM: INFO: **************** Login Successful ****************
01/12/2023 12:01:53 AM: INFO: **************** Starting addCustomer test ****************
01/12/2023 12:01:59 AM: INFO: **************** Providing Customer Info ****************
01/12/2023 12:02:16 AM: INFO: **************** Saving Customer Info ****************
01/12/2023 12:02:16 AM: INFO: **************** Add customer Validation Started ****************
01/12/2023 12:02:16 AM: INFO: **************** Add customer test passed ****************
01/12/2023 12:02:16 AM: INFO: **************** Ending Home Page Title Test ****************
01/12/2023 12:08:42 AM: INFO: **************** Test_003_AddCustomer ****************
01/12/2023 12:08:57 AM: INFO: **************** Login Successful ****************
01/12/2023 12:08:57 AM: INFO: **************** Starting addCustomer test ****************
01/12/2023 12:09:04 AM: INFO: **************** Providing Customer Info ****************
01/12/2023 12:09:18 AM: INFO: **************** Saving Customer Info ****************
01/12/2023 12:09:18 AM: INFO: **************** Add customer Validation Started ****************
01/12/2023 12:09:19 AM: INFO: **************** Add customer test passed ****************
01/12/2023 12:09:19 AM: INFO: **************** Ending Home Page Title Test ****************
01/12/2023 12:16:05 AM: INFO: **************** Test_003_AddCustomer ****************
01/12/2023 12:16:25 AM: INFO: **************** Login Successful ****************
01/12/2023 12:16:25 AM: INFO: **************** Starting addCustomer test ****************
01/12/2023 12:17:48 AM: INFO: **************** Test_003_AddCustomer ****************
01/12/2023 12:18:03 AM: INFO: **************** Login Successful ****************
01/12/2023 12:18:03 AM: INFO: **************** Starting addCustomer test ****************
01/12/2023 12:18:10 AM: INFO: **************** Providing Customer Info ****************
01/12/2023 12:18:24 AM: INFO: **************** Saving Customer Info ****************
01/12/2023 12:18:24 AM: INFO: **************** Add customer Validation Started ****************
01/12/2023 12:18:25 AM: INFO: **************** Add customer test passed ****************
01/12/2023 12:18:25 AM: INFO: **************** Ending Home Page Title Test ****************
01/12/2023 01:17:51 AM: INFO: *************** SearchCustomerByEmial_004 ***************
01/12/2023 01:18:10 AM: INFO: **************** Login Successful ****************
01/12/2023 01:18:10 AM: INFO: **************** Starting searchCustomer By Email ****************
01/12/2023 01:18:18 AM: INFO: **************** Searching Customer By Email ID ****************
01/12/2023 01:20:24 AM: INFO: *************** SearchCustomerByEmial_004 ***************
01/12/2023 01:20:37 AM: INFO: **************** Login Successful ****************
01/12/2023 01:20:37 AM: INFO: **************** Starting searchCustomer By Email ****************
01/12/2023 01:20:43 AM: INFO: **************** Searching Customer By Email ID ****************
01/12/2023 01:22:06 AM: INFO: *************** SearchCustomerByEmial_004 ***************
01/12/2023 01:22:18 AM: INFO: **************** Login Successful ****************
01/12/2023 01:22:18 AM: INFO: **************** Starting searchCustomer By Email ****************
01/12/2023 01:22:21 AM: INFO: **************** Searching Customer By Email ID ****************
01/12/2023 09:47:09 AM: INFO: *************** SearchCustomerByEmial_004 ***************
01/12/2023 09:47:31 AM: INFO: **************** Login Successful ****************
01/12/2023 09:47:31 AM: INFO: **************** Starting searchCustomer By Email ****************
01/12/2023 09:47:35 AM: INFO: **************** Searching Customer By Email ID ****************
01/12/2023 09:57:05 AM: INFO: *************** SearchCustomerByEmial_004 ***************
01/12/2023 09:57:24 AM: INFO: **************** Login Successful ****************
01/12/2023 09:57:24 AM: INFO: **************** Starting searchCustomer By Email ****************
01/12/2023 09:57:27 AM: INFO: **************** Searching Customer By Email ID ****************
01/12/2023 09:59:07 AM: INFO: *************** SearchCustomerByEmial_004 ***************
01/12/2023 09:59:18 AM: INFO: **************** Login Successful ****************
01/12/2023 09:59:18 AM: INFO: **************** Starting searchCustomer By Email ****************
01/12/2023 09:59:24 AM: INFO: **************** Searching Customer By Email ID ****************
01/12/2023 10:05:00 AM: INFO: *************** SearchCustomerByEmial_004 ***************
01/12/2023 10:05:26 AM: INFO: **************** Login Successful ****************
01/12/2023 10:05:26 AM: INFO: **************** Starting searchCustomer By Email ****************
01/12/2023 10:05:30 AM: INFO: **************** Searching Customer By Email ID ****************
01/12/2023 10:05:35 AM: INFO: *************** TC_SearchCustomerByEmial_004 Finished ***************
01/12/2023 10:06:40 AM: INFO: *************** SearchCustomerByEmial_004 ***************
01/12/2023 10:06:55 AM: INFO: **************** Login Successful ****************
01/12/2023 10:06:55 AM: INFO: **************** Starting searchCustomer By Email ****************
01/12/2023 10:06:59 AM: INFO: **************** Searching Customer By Email ID ****************
01/12/2023 10:07:04 AM: INFO: *************** TC_SearchCustomerByEmial_004 Finished ***************
01/12/2023 10:18:51 AM: INFO: *************** SearchCustomerByName_005 ***************
01/12/2023 10:19:13 AM: INFO: **************** Login Successful ****************
01/12/2023 10:19:13 AM: INFO: **************** Starting searchCustomer By Name ****************
01/12/2023 10:19:16 AM: INFO: **************** Searching Customer By Name ****************
01/12/2023 10:22:27 AM: INFO: *************** SearchCustomerByName_005 ***************
01/12/2023 10:22:43 AM: INFO: **************** Login Successful ****************
01/12/2023 10:22:43 AM: INFO: **************** Starting searchCustomer By Name ****************
01/12/2023 10:22:47 AM: INFO: **************** Searching Customer By Name ****************
01/12/2023 10:25:11 AM: INFO: *************** SearchCustomerByName_005 ***************
01/12/2023 10:25:23 AM: INFO: **************** Login Successful ****************
01/12/2023 10:25:23 AM: INFO: **************** Starting searchCustomer By Name ****************
01/12/2023 10:25:26 AM: INFO: **************** Searching Customer By Name ****************
01/12/2023 10:26:59 AM: INFO: *************** SearchCustomerByName_005 ***************
01/12/2023 10:27:14 AM: INFO: **************** Login Successful ****************
01/12/2023 10:27:14 AM: INFO: **************** Starting searchCustomer By Name ****************
01/12/2023 10:27:18 AM: INFO: **************** Searching Customer By Name ****************
01/12/2023 10:27:23 AM: INFO: *************** TC_SearchCustomerByName_005 Finished ***************
01/12/2023 03:31:41 PM: INFO: **************** Test_003_AddCustomer ****************
01/12/2023 03:31:41 PM: INFO: **************** Test_003_AddCustomer ****************
01/12/2023 03:31:41 PM: INFO: **************** Test_003_AddCustomer ****************
01/12/2023 03:31:41 PM: INFO: **************** Test_003_AddCustomer ****************
01/12/2023 03:31:41 PM: INFO: **************** Test_003_AddCustomer ****************
01/12/2023 03:32:11 PM: INFO: **************** Login Successful ****************
01/12/2023 03:32:11 PM: INFO: **************** Login Successful ****************
01/12/2023 03:32:11 PM: INFO: **************** Login Successful ****************
01/12/2023 03:32:11 PM: INFO: **************** Login Successful ****************
01/12/2023 03:32:11 PM: INFO: **************** Login Successful ****************
01/12/2023 03:32:11 PM: INFO: **************** Starting addCustomer test ****************
01/12/2023 03:32:11 PM: INFO: **************** Starting addCustomer test ****************
01/12/2023 03:32:11 PM: INFO: **************** Starting addCustomer test ****************
01/12/2023 03:32:11 PM: INFO: **************** Starting addCustomer test ****************
01/12/2023 03:32:11 PM: INFO: **************** Starting addCustomer test ****************
01/12/2023 03:32:21 PM: INFO: **************** Providing Customer Info ****************
01/12/2023 03:32:21 PM: INFO: **************** Providing Customer Info ****************
01/12/2023 03:32:21 PM: INFO: **************** Providing Customer Info ****************
01/12/2023 03:32:21 PM: INFO: **************** Providing Customer Info ****************
01/12/2023 03:32:21 PM: INFO: **************** Providing Customer Info ****************
01/12/2023 03:32:40 PM: INFO: **************** Saving Customer Info ****************
01/12/2023 03:32:40 PM: INFO: **************** Saving Customer Info ****************
01/12/2023 03:32:40 PM: INFO: **************** Saving Customer Info ****************
01/12/2023 03:32:40 PM: INFO: **************** Saving Customer Info ****************
01/12/2023 03:32:40 PM: INFO: **************** Saving Customer Info ****************
01/12/2023 03:32:40 PM: INFO: **************** Add customer Validation Started ****************
01/12/2023 03:32:40 PM: INFO: **************** Add customer Validation Started ****************
01/12/2023 03:32:40 PM: INFO: **************** Add customer Validation Started ****************
01/12/2023 03:32:40 PM: INFO: **************** Add customer Validation Started ****************
01/12/2023 03:32:40 PM: INFO: **************** Add customer Validation Started ****************
01/12/2023 03:32:40 PM: INFO: **************** Add customer test passed ****************
01/12/2023 03:32:40 PM: INFO: **************** Add customer test passed ****************
01/12/2023 03:32:40 PM: INFO: **************** Add customer test passed ****************
01/12/2023 03:32:40 PM: INFO: **************** Add customer test passed ****************
01/12/2023 03:32:40 PM: INFO: **************** Add customer test passed ****************
01/12/2023 03:32:40 PM: INFO: **************** Ending Home Page Title Test ****************
01/12/2023 03:32:40 PM: INFO: **************** Ending Home Page Title Test ****************
01/12/2023 03:32:40 PM: INFO: **************** Ending Home Page Title Test ****************
01/12/2023 03:32:40 PM: INFO: **************** Ending Home Page Title Test ****************
01/12/2023 03:32:40 PM: INFO: **************** Ending Home Page Title Test ****************
01/12/2023 03:32:52 PM: INFO: ****************Verifying Login Test****************
01/12/2023 03:32:52 PM: INFO: ****************Verifying Login Test****************
01/12/2023 03:32:52 PM: INFO: ****************Verifying Login Test****************
01/12/2023 03:32:52 PM: INFO: ****************Verifying Login Test****************
01/12/2023 03:32:52 PM: INFO: ****************Verifying Login Test****************
01/12/2023 03:34:09 PM: INFO: ****************Login Test is passed****************
01/12/2023 03:34:09 PM: INFO: ****************Login Test is passed****************
01/12/2023 03:34:09 PM: INFO: ****************Login Test is passed****************
01/12/2023 03:34:09 PM: INFO: ****************Login Test is passed****************
01/12/2023 03:34:09 PM: INFO: ****************Login Test is passed****************
01/12/2023 03:39:09 PM: INFO: **************** Test_003_AddCustomer ****************
01/12/2023 03:39:09 PM: INFO: **************** Test_003_AddCustomer ****************
01/12/2023 03:39:09 PM: INFO: **************** Test_003_AddCustomer ****************
01/12/2023 03:39:09 PM: INFO: **************** Test_003_AddCustomer ****************
01/12/2023 03:39:09 PM: INFO: **************** Test_003_AddCustomer ****************
01/12/2023 03:39:24 PM: INFO: **************** Login Successful ****************
01/12/2023 03:39:24 PM: INFO: **************** Login Successful ****************
01/12/2023 03:39:24 PM: INFO: **************** Login Successful ****************
01/12/2023 03:39:24 PM: INFO: **************** Login Successful ****************
01/12/2023 03:39:24 PM: INFO: **************** Login Successful ****************
01/12/2023 03:39:24 PM: INFO: **************** Starting addCustomer test ****************
01/12/2023 03:39:24 PM: INFO: **************** Starting addCustomer test ****************
01/12/2023 03:39:24 PM: INFO: **************** Starting addCustomer test ****************
01/12/2023 03:39:24 PM: INFO: **************** Starting addCustomer test ****************
01/12/2023 03:39:24 PM: INFO: **************** Starting addCustomer test ****************
01/12/2023 03:39:44 PM: INFO: **************** Providing Customer Info ****************
01/12/2023 03:39:44 PM: INFO: **************** Providing Customer Info ****************
01/12/2023 03:39:44 PM: INFO: **************** Providing Customer Info ****************
01/12/2023 03:39:44 PM: INFO: **************** Providing Customer Info ****************
01/12/2023 03:39:44 PM: INFO: **************** Providing Customer Info ****************
01/12/2023 03:39:59 PM: INFO: **************** Saving Customer Info ****************
01/12/2023 03:39:59 PM: INFO: **************** Saving Customer Info ****************
01/12/2023 03:39:59 PM: INFO: **************** Saving Customer Info ****************
01/12/2023 03:39:59 PM: INFO: **************** Saving Customer Info ****************
01/12/2023 03:39:59 PM: INFO: **************** Saving Customer Info ****************
01/12/2023 03:39:59 PM: INFO: **************** Add customer Validation Started ****************
01/12/2023 03:39:59 PM: INFO: **************** Add customer Validation Started ****************
01/12/2023 03:39:59 PM: INFO: **************** Add customer Validation Started ****************
01/12/2023 03:39:59 PM: INFO: **************** Add customer Validation Started ****************
01/12/2023 03:39:59 PM: INFO: **************** Add customer Validation Started ****************
01/12/2023 03:39:59 PM: INFO: **************** Add customer test passed ****************
01/12/2023 03:39:59 PM: INFO: **************** Add customer test passed ****************
01/12/2023 03:39:59 PM: INFO: **************** Add customer test passed ****************
01/12/2023 03:39:59 PM: INFO: **************** Add customer test passed ****************
01/12/2023 03:39:59 PM: INFO: **************** Add customer test passed ****************
01/12/2023 03:39:59 PM: INFO: **************** Ending Home Page Title Test ****************
01/12/2023 03:39:59 PM: INFO: **************** Ending Home Page Title Test ****************
01/12/2023 03:39:59 PM: INFO: **************** Ending Home Page Title Test ****************
01/12/2023 03:39:59 PM: INFO: **************** Ending Home Page Title Test ****************
01/12/2023 03:39:59 PM: INFO: **************** Ending Home Page Title Test ****************
01/12/2023 03:40:06 PM: INFO: ****************Verifying Login Test****************
01/12/2023 03:40:06 PM: INFO: ****************Verifying Login Test****************
01/12/2023 03:40:06 PM: INFO: ****************Verifying Login Test****************
01/12/2023 03:40:06 PM: INFO: ****************Verifying Login Test****************
01/12/2023 03:40:06 PM: INFO: ****************Verifying Login Test****************
01/12/2023 03:40:36 PM: INFO: ****************Login Test is passed****************
01/12/2023 03:40:36 PM: INFO: ****************Login Test is passed****************
01/12/2023 03:40:36 PM: INFO: ****************Login Test is passed****************
01/12/2023 03:40:36 PM: INFO: ****************Login Test is passed****************
01/12/2023 03:40:36 PM: INFO: ****************Login Test is passed****************
01/12/2023 04:01:06 PM: INFO: **************** Test_003_AddCustomer ****************
01/12/2023 04:01:06 PM: INFO: **************** Test_003_AddCustomer ****************
01/12/2023 04:01:06 PM: INFO: **************** Test_003_AddCustomer ****************
01/12/2023 04:01:06 PM: INFO: **************** Test_003_AddCustomer ****************
01/12/2023 04:01:06 PM: INFO: **************** Test_003_AddCustomer ****************
01/12/2023 04:01:35 PM: INFO: **************** Login Successful ****************
01/12/2023 04:01:35 PM: INFO: **************** Login Successful ****************
01/12/2023 04:01:35 PM: INFO: **************** Login Successful ****************
01/12/2023 04:01:35 PM: INFO: **************** Login Successful ****************
01/12/2023 04:01:35 PM: INFO: **************** Login Successful ****************
01/12/2023 04:01:35 PM: INFO: **************** Starting addCustomer test ****************
01/12/2023 04:01:35 PM: INFO: **************** Starting addCustomer test ****************
01/12/2023 04:01:35 PM: INFO: **************** Starting addCustomer test ****************
01/12/2023 04:01:35 PM: INFO: **************** Starting addCustomer test ****************
01/12/2023 04:01:35 PM: INFO: **************** Starting addCustomer test ****************
01/12/2023 04:01:49 PM: INFO: **************** Providing Customer Info ****************
01/12/2023 04:01:49 PM: INFO: **************** Providing Customer Info ****************
01/12/2023 04:01:49 PM: INFO: **************** Providing Customer Info ****************
01/12/2023 04:01:49 PM: INFO: **************** Providing Customer Info ****************
01/12/2023 04:01:49 PM: INFO: **************** Providing Customer Info ****************
01/12/2023 04:02:03 PM: INFO: **************** Saving Customer Info ****************
01/12/2023 04:02:03 PM: INFO: **************** Saving Customer Info ****************
01/12/2023 04:02:03 PM: INFO: **************** Saving Customer Info ****************
01/12/2023 04:02:03 PM: INFO: **************** Saving Customer Info ****************
01/12/2023 04:02:03 PM: INFO: **************** Saving Customer Info ****************
01/12/2023 04:02:03 PM: INFO: **************** Add customer Validation Started ****************
01/12/2023 04:02:03 PM: INFO: **************** Add customer Validation Started ****************
01/12/2023 04:02:03 PM: INFO: **************** Add customer Validation Started ****************
01/12/2023 04:02:03 PM: INFO: **************** Add customer Validation Started ****************
01/12/2023 04:02:03 PM: INFO: **************** Add customer Validation Started ****************
01/12/2023 04:02:04 PM: INFO: **************** Add customer test passed ****************
01/12/2023 04:02:04 PM: INFO: **************** Add customer test passed ****************
01/12/2023 04:02:04 PM: INFO: **************** Add customer test passed ****************
01/12/2023 04:02:04 PM: INFO: **************** Add customer test passed ****************
01/12/2023 04:02:04 PM: INFO: **************** Add customer test passed ****************
01/12/2023 04:02:04 PM: INFO: **************** Ending Home Page Title Test ****************
01/12/2023 04:02:04 PM: INFO: **************** Ending Home Page Title Test ****************
01/12/2023 04:02:04 PM: INFO: **************** Ending Home Page Title Test ****************
01/12/2023 04:02:04 PM: INFO: **************** Ending Home Page Title Test ****************
01/12/2023 04:02:04 PM: INFO: **************** Ending Home Page Title Test ****************
01/12/2023 04:02:12 PM: INFO: ****************Verifying Login Test****************
01/12/2023 04:02:12 PM: INFO: ****************Verifying Login Test****************
01/12/2023 04:02:12 PM: INFO: ****************Verifying Login Test****************
01/12/2023 04:02:12 PM: INFO: ****************Verifying Login Test****************
01/12/2023 04:02:12 PM: INFO: ****************Verifying Login Test****************
01/12/2023 04:02:41 PM: INFO: ****************Login Test is passed****************
01/12/2023 04:02:41 PM: INFO: ****************Login Test is passed****************
01/12/2023 04:02:41 PM: INFO: ****************Login Test is passed****************
01/12/2023 04:02:41 PM: INFO: ****************Login Test is passed****************
01/12/2023 04:02:41 PM: INFO: ****************Login Test is passed****************
01/12/2023 04:16:22 PM: INFO: **************** Test_003_AddCustomer ****************
01/12/2023 04:16:22 PM: INFO: **************** Test_003_AddCustomer ****************
01/12/2023 04:16:22 PM: INFO: **************** Test_003_AddCustomer ****************
01/12/2023 04:16:22 PM: INFO: **************** Test_003_AddCustomer ****************
01/12/2023 04:16:22 PM: INFO: **************** Test_003_AddCustomer ****************
01/12/2023 04:16:35 PM: INFO: **************** Login Successful ****************
01/12/2023 04:16:35 PM: INFO: **************** Login Successful ****************
01/12/2023 04:16:35 PM: INFO: **************** Login Successful ****************
01/12/2023 04:16:35 PM: INFO: **************** Login Successful ****************
01/12/2023 04:16:35 PM: INFO: **************** Login Successful ****************
01/12/2023 04:16:35 PM: INFO: **************** Starting addCustomer test ****************
01/12/2023 04:16:35 PM: INFO: **************** Starting addCustomer test ****************
01/12/2023 04:16:35 PM: INFO: **************** Starting addCustomer test ****************
01/12/2023 04:16:35 PM: INFO: **************** Starting addCustomer test ****************
01/12/2023 04:16:35 PM: INFO: **************** Starting addCustomer test ****************
01/12/2023 04:16:43 PM: INFO: **************** Providing Customer Info ****************
01/12/2023 04:16:43 PM: INFO: **************** Providing Customer Info ****************
01/12/2023 04:16:43 PM: INFO: **************** Providing Customer Info ****************
01/12/2023 04:16:43 PM: INFO: **************** Providing Customer Info ****************
01/12/2023 04:16:43 PM: INFO: **************** Providing Customer Info ****************
01/12/2023 04:16:57 PM: INFO: **************** Saving Customer Info ****************
01/12/2023 04:16:57 PM: INFO: **************** Saving Customer Info ****************
01/12/2023 04:16:57 PM: INFO: **************** Saving Customer Info ****************
01/12/2023 04:16:57 PM: INFO: **************** Saving Customer Info ****************
01/12/2023 04:16:57 PM: INFO: **************** Saving Customer Info ****************
01/12/2023 04:16:57 PM: INFO: **************** Add customer Validation Started ****************
01/12/2023 04:16:57 PM: INFO: **************** Add customer Validation Started ****************
01/12/2023 04:16:57 PM: INFO: **************** Add customer Validation Started ****************
01/12/2023 04:16:57 PM: INFO: **************** Add customer Validation Started ****************
01/12/2023 04:16:57 PM: INFO: **************** Add customer Validation Started ****************
01/12/2023 04:16:58 PM: INFO: **************** Add customer test passed ****************
01/12/2023 04:16:58 PM: INFO: **************** Add customer test passed ****************
01/12/2023 04:16:58 PM: INFO: **************** Add customer test passed ****************
01/12/2023 04:16:58 PM: INFO: **************** Add customer test passed ****************
01/12/2023 04:16:58 PM: INFO: **************** Add customer test passed ****************
01/12/2023 04:16:58 PM: INFO: **************** Ending Home Page Title Test ****************
01/12/2023 04:16:58 PM: INFO: **************** Ending Home Page Title Test ****************
01/12/2023 04:16:58 PM: INFO: **************** Ending Home Page Title Test ****************
01/12/2023 04:16:58 PM: INFO: **************** Ending Home Page Title Test ****************
01/12/2023 04:16:58 PM: INFO: **************** Ending Home Page Title Test ****************
01/12/2023 04:17:03 PM: INFO: ****************Verifying Login Test****************
01/12/2023 04:17:03 PM: INFO: ****************Verifying Login Test****************
01/12/2023 04:17:03 PM: INFO: ****************Verifying Login Test****************
01/12/2023 04:17:03 PM: INFO: ****************Verifying Login Test****************
01/12/2023 04:17:03 PM: INFO: ****************Verifying Login Test****************
01/12/2023 04:17:23 PM: INFO: ****************Login Test is passed****************
01/12/2023 04:17:23 PM: INFO: ****************Login Test is passed****************
01/12/2023 04:17:23 PM: INFO: ****************Login Test is passed****************
01/12/2023 04:17:23 PM: INFO: ****************Login Test is passed****************
01/12/2023 04:17:23 PM: INFO: ****************Login Test is passed****************
01/12/2023 04:19:26 PM: INFO: **************** Test_003_AddCustomer ****************
01/12/2023 04:19:26 PM: INFO: **************** Test_003_AddCustomer ****************
01/12/2023 04:19:26 PM: INFO: **************** Test_003_AddCustomer ****************
01/12/2023 04:19:26 PM: INFO: **************** Test_003_AddCustomer ****************
01/12/2023 04:19:26 PM: INFO: **************** Test_003_AddCustomer ****************
01/12/2023 04:19:42 PM: INFO: **************** Login Successful ****************
01/12/2023 04:19:42 PM: INFO: **************** Login Successful ****************
01/12/2023 04:19:42 PM: INFO: **************** Login Successful ****************
01/12/2023 04:19:42 PM: INFO: **************** Login Successful ****************
01/12/2023 04:19:42 PM: INFO: **************** Login Successful ****************
01/12/2023 04:19:42 PM: INFO: **************** Starting addCustomer test ****************
01/12/2023 04:19:42 PM: INFO: **************** Starting addCustomer test ****************
01/12/2023 04:19:42 PM: INFO: **************** Starting addCustomer test ****************
01/12/2023 04:19:42 PM: INFO: **************** Starting addCustomer test ****************
01/12/2023 04:19:42 PM: INFO: **************** Starting addCustomer test ****************
01/12/2023 04:19:51 PM: INFO: **************** Providing Customer Info ****************
01/12/2023 04:19:51 PM: INFO: **************** Providing Customer Info ****************
01/12/2023 04:19:51 PM: INFO: **************** Providing Customer Info ****************
01/12/2023 04:19:51 PM: INFO: **************** Providing Customer Info ****************
01/12/2023 04:19:51 PM: INFO: **************** Providing Customer Info ****************
01/12/2023 04:20:05 PM: INFO: **************** Saving Customer Info ****************
01/12/2023 04:20:05 PM: INFO: **************** Saving Customer Info ****************
01/12/2023 04:20:05 PM: INFO: **************** Saving Customer Info ****************
01/12/2023 04:20:05 PM: INFO: **************** Saving Customer Info ****************
01/12/2023 04:20:05 PM: INFO: **************** Saving Customer Info ****************
01/12/2023 04:20:05 PM: INFO: **************** Add customer Validation Started ****************
01/12/2023 04:20:05 PM: INFO: **************** Add customer Validation Started ****************
01/12/2023 04:20:05 PM: INFO: **************** Add customer Validation Started ****************
01/12/2023 04:20:05 PM: INFO: **************** Add customer Validation Started ****************
01/12/2023 04:20:05 PM: INFO: **************** Add customer Validation Started ****************
01/12/2023 04:20:05 PM: INFO: **************** Add customer test passed ****************
01/12/2023 04:20:05 PM: INFO: **************** Add customer test passed ****************
01/12/2023 04:20:05 PM: INFO: **************** Add customer test passed ****************
01/12/2023 04:20:05 PM: INFO: **************** Add customer test passed ****************
01/12/2023 04:20:05 PM: INFO: **************** Add customer test passed ****************
01/12/2023 04:20:05 PM: INFO: **************** Ending Home Page Title Test ****************
01/12/2023 04:20:05 PM: INFO: **************** Ending Home Page Title Test ****************
01/12/2023 04:20:05 PM: INFO: **************** Ending Home Page Title Test ****************
01/12/2023 04:20:05 PM: INFO: **************** Ending Home Page Title Test ****************
01/12/2023 04:20:05 PM: INFO: **************** Ending Home Page Title Test ****************
01/12/2023 04:20:11 PM: INFO: ****************Verifying Login Test****************
01/12/2023 04:20:11 PM: INFO: ****************Verifying Login Test****************
01/12/2023 04:20:11 PM: INFO: ****************Verifying Login Test****************
01/12/2023 04:20:11 PM: INFO: ****************Verifying Login Test****************
01/12/2023 04:20:11 PM: INFO: ****************Verifying Login Test****************
01/12/2023 04:20:31 PM: INFO: ****************Login Test is passed****************
01/12/2023 04:20:31 PM: INFO: ****************Login Test is passed****************
01/12/2023 04:20:31 PM: INFO: ****************Login Test is passed****************
01/12/2023 04:20:31 PM: INFO: ****************Login Test is passed****************
01/12/2023 04:20:31 PM: INFO: ****************Login Test is passed****************
01/12/2023 04:26:24 PM: INFO: **************** Test_003_AddCustomer ****************
01/12/2023 04:26:24 PM: INFO: **************** Test_003_AddCustomer ****************
01/12/2023 04:26:24 PM: INFO: **************** Test_003_AddCustomer ****************
01/12/2023 04:26:24 PM: INFO: **************** Test_003_AddCustomer ****************
01/12/2023 04:26:24 PM: INFO: **************** Test_003_AddCustomer ****************
01/12/2023 04:26:44 PM: INFO: **************** Login Successful ****************
01/12/2023 04:26:44 PM: INFO: **************** Login Successful ****************
01/12/2023 04:26:44 PM: INFO: **************** Login Successful ****************
01/12/2023 04:26:44 PM: INFO: **************** Login Successful ****************
01/12/2023 04:26:44 PM: INFO: **************** Login Successful ****************
01/12/2023 04:26:44 PM: INFO: **************** Starting addCustomer test ****************
01/12/2023 04:26:44 PM: INFO: **************** Starting addCustomer test ****************
01/12/2023 04:26:44 PM: INFO: **************** Starting addCustomer test ****************
01/12/2023 04:26:44 PM: INFO: **************** Starting addCustomer test ****************
01/12/2023 04:26:44 PM: INFO: **************** Starting addCustomer test ****************
01/12/2023 04:26:54 PM: INFO: **************** Providing Customer Info ****************
01/12/2023 04:26:54 PM: INFO: **************** Providing Customer Info ****************
01/12/2023 04:26:54 PM: INFO: **************** Providing Customer Info ****************
01/12/2023 04:26:54 PM: INFO: **************** Providing Customer Info ****************
01/12/2023 04:26:54 PM: INFO: **************** Providing Customer Info ****************
01/12/2023 04:27:08 PM: INFO: **************** Saving Customer Info ****************
01/12/2023 04:27:08 PM: INFO: **************** Saving Customer Info ****************
01/12/2023 04:27:08 PM: INFO: **************** Saving Customer Info ****************
01/12/2023 04:27:08 PM: INFO: **************** Saving Customer Info ****************
01/12/2023 04:27:08 PM: INFO: **************** Saving Customer Info ****************
01/12/2023 04:27:08 PM: INFO: **************** Add customer Validation Started ****************
01/12/2023 04:27:08 PM: INFO: **************** Add customer Validation Started ****************
01/12/2023 04:27:08 PM: INFO: **************** Add customer Validation Started ****************
01/12/2023 04:27:08 PM: INFO: **************** Add customer Validation Started ****************
01/12/2023 04:27:08 PM: INFO: **************** Add customer Validation Started ****************
01/12/2023 04:27:08 PM: INFO: **************** Add customer test passed ****************
01/12/2023 04:27:08 PM: INFO: **************** Add customer test passed ****************
01/12/2023 04:27:08 PM: INFO: **************** Add customer test passed ****************
01/12/2023 04:27:08 PM: INFO: **************** Add customer test passed ****************
01/12/2023 04:27:08 PM: INFO: **************** Add customer test passed ****************
01/12/2023 04:27:08 PM: INFO: **************** Ending Home Page Title Test ****************
01/12/2023 04:27:08 PM: INFO: **************** Ending Home Page Title Test ****************
01/12/2023 04:27:08 PM: INFO: **************** Ending Home Page Title Test ****************
01/12/2023 04:27:08 PM: INFO: **************** Ending Home Page Title Test ****************
01/12/2023 04:27:08 PM: INFO: **************** Ending Home Page Title Test ****************
01/12/2023 04:27:14 PM: INFO: ****************Test_001_Login****************
01/12/2023 04:27:14 PM: INFO: ****************Test_001_Login****************
01/12/2023 04:27:14 PM: INFO: ****************Test_001_Login****************
01/12/2023 04:27:14 PM: INFO: ****************Test_001_Login****************
01/12/2023 04:27:14 PM: INFO: ****************Test_001_Login****************
01/12/2023 04:27:14 PM: INFO: ****************Verifying Homepage Title****************
01/12/2023 04:27:14 PM: INFO: ****************Verifying Homepage Title****************
01/12/2023 04:27:14 PM: INFO: ****************Verifying Homepage Title****************
01/12/2023 04:27:14 PM: INFO: ****************Verifying Homepage Title****************
01/12/2023 04:27:14 PM: INFO: ****************Verifying Homepage Title****************
01/12/2023 04:27:40 PM: INFO: ****************Homepage Title Test is passed****************
01/12/2023 04:27:40 PM: INFO: ****************Homepage Title Test is passed****************
01/12/2023 04:27:40 PM: INFO: ****************Homepage Title Test is passed****************
01/12/2023 04:27:40 PM: INFO: ****************Homepage Title Test is passed****************
01/12/2023 04:27:40 PM: INFO: ****************Homepage Title Test is passed****************
01/12/2023 04:27:45 PM: INFO: ****************Verifying Login Test****************
01/12/2023 04:27:45 PM: INFO: ****************Verifying Login Test****************
01/12/2023 04:27:45 PM: INFO: ****************Verifying Login Test****************
01/12/2023 04:27:45 PM: INFO: ****************Verifying Login Test****************
01/12/2023 04:27:45 PM: INFO: ****************Verifying Login Test****************
01/12/2023 04:28:06 PM: INFO: ****************Login Test is passed****************
01/12/2023 04:28:06 PM: INFO: ****************Login Test is passed****************
01/12/2023 04:28:06 PM: INFO: ****************Login Test is passed****************
01/12/2023 04:28:06 PM: INFO: ****************Login Test is passed****************
01/12/2023 04:28:06 PM: INFO: ****************Login Test is passed****************
01/12/2023 04:28:11 PM: INFO: **************** Test_002_DDT_Login ****************
01/12/2023 04:28:11 PM: INFO: **************** Test_002_DDT_Login ****************
01/12/2023 04:28:11 PM: INFO: **************** Test_002_DDT_Login ****************
01/12/2023 04:28:11 PM: INFO: **************** Test_002_DDT_Login ****************
01/12/2023 04:28:11 PM: INFO: **************** Test_002_DDT_Login ****************
01/12/2023 04:28:11 PM: INFO: **************** Verifying Login DDT Test ****************
01/12/2023 04:28:11 PM: INFO: **************** Verifying Login DDT Test ****************
01/12/2023 04:28:11 PM: INFO: **************** Verifying Login DDT Test ****************
01/12/2023 04:28:11 PM: INFO: **************** Verifying Login DDT Test ****************
01/12/2023 04:28:11 PM: INFO: **************** Verifying Login DDT Test ****************
01/12/2023 04:28:31 PM: INFO: *** Passed ***
01/12/2023 04:28:31 PM: INFO: *** Passed ***
01/12/2023 04:28:31 PM: INFO: *** Passed ***
01/12/2023 04:28:31 PM: INFO: *** Passed ***
01/12/2023 04:28:31 PM: INFO: *** Passed ***
01/12/2023 04:28:34 PM: INFO: *** Passed ***
01/12/2023 04:28:34 PM: INFO: *** Passed ***
01/12/2023 04:28:34 PM: INFO: *** Passed ***
01/12/2023 04:28:34 PM: INFO: *** Passed ***
01/12/2023 04:28:34 PM: INFO: *** Passed ***
01/12/2023 04:28:35 PM: INFO: *** Passed ***
01/12/2023 04:28:35 PM: INFO: *** Passed ***
01/12/2023 04:28:35 PM: INFO: *** Passed ***
01/12/2023 04:28:35 PM: INFO: *** Passed ***
01/12/2023 04:28:35 PM: INFO: *** Passed ***
01/12/2023 04:28:36 PM: INFO: *** Passed ***
01/12/2023 04:28:36 PM: INFO: *** Passed ***
01/12/2023 04:28:36 PM: INFO: *** Passed ***
01/12/2023 04:28:36 PM: INFO: *** Passed ***
01/12/2023 04:28:36 PM: INFO: *** Passed ***
01/12/2023 04:28:36 PM: INFO: *** Login DDT test Passed ***
01/12/2023 04:28:36 PM: INFO: *** Login DDT test Passed ***
01/12/2023 04:28:36 PM: INFO: *** Login DDT test Passed ***
01/12/2023 04:28:36 PM: INFO: *** Login DDT test Passed ***
01/12/2023 04:28:36 PM: INFO: *** Login DDT test Passed ***
01/12/2023 04:28:37 PM: INFO: *** End of login DDT test ***
01/12/2023 04:28:37 PM: INFO: *** End of login DDT test ***
01/12/2023 04:28:37 PM: INFO: *** End of login DDT test ***
01/12/2023 04:28:37 PM: INFO: *** End of login DDT test ***
01/12/2023 04:28:37 PM: INFO: *** End of login DDT test ***
01/12/2023 04:28:37 PM: INFO: *** Completed Test_002_DDT_Login ***
01/12/2023 04:28:37 PM: INFO: *** Completed Test_002_DDT_Login ***
01/12/2023 04:28:37 PM: INFO: *** Completed Test_002_DDT_Login ***
01/12/2023 04:28:37 PM: INFO: *** Completed Test_002_DDT_Login ***
01/12/2023 04:28:37 PM: INFO: *** Completed Test_002_DDT_Login ***
01/12/2023 04:28:40 PM: INFO: *************** SearchCustomerByEmial_004 ***************
01/12/2023 04:28:40 PM: INFO: *************** SearchCustomerByEmial_004 ***************
01/12/2023 04:28:40 PM: INFO: *************** SearchCustomerByEmial_004 ***************
01/12/2023 04:28:40 PM: INFO: *************** SearchCustomerByEmial_004 ***************
01/12/2023 04:28:40 PM: INFO: *************** SearchCustomerByEmial_004 ***************
01/12/2023 04:28:56 PM: INFO: **************** Login Successful ****************
01/12/2023 04:28:56 PM: INFO: **************** Login Successful ****************
01/12/2023 04:28:56 PM: INFO: **************** Login Successful ****************
01/12/2023 04:28:56 PM: INFO: **************** Login Successful ****************
01/12/2023 04:28:56 PM: INFO: **************** Login Successful ****************
01/12/2023 04:28:56 PM: INFO: **************** Starting searchCustomer By Email ****************
01/12/2023 04:28:56 PM: INFO: **************** Starting searchCustomer By Email ****************
01/12/2023 04:28:56 PM: INFO: **************** Starting searchCustomer By Email ****************
01/12/2023 04:28:56 PM: INFO: **************** Starting searchCustomer By Email ****************
01/12/2023 04:28:56 PM: INFO: **************** Starting searchCustomer By Email ****************
01/12/2023 04:28:59 PM: INFO: **************** Searching Customer By Email ID ****************
01/12/2023 04:28:59 PM: INFO: **************** Searching Customer By Email ID ****************
01/12/2023 04:28:59 PM: INFO: **************** Searching Customer By Email ID ****************
01/12/2023 04:28:59 PM: INFO: **************** Searching Customer By Email ID ****************
01/12/2023 04:28:59 PM: INFO: **************** Searching Customer By Email ID ****************
01/12/2023 04:29:05 PM: INFO: *************** TC_SearchCustomerByEmial_004 Finished ***************
01/12/2023 04:29:05 PM: INFO: *************** TC_SearchCustomerByEmial_004 Finished ***************
01/12/2023 04:29:05 PM: INFO: *************** TC_SearchCustomerByEmial_004 Finished ***************
01/12/2023 04:29:05 PM: INFO: *************** TC_SearchCustomerByEmial_004 Finished ***************
01/12/2023 04:29:05 PM: INFO: *************** TC_SearchCustomerByEmial_004 Finished ***************
01/12/2023 04:29:11 PM: INFO: *************** SearchCustomerByName_005 ***************
01/12/2023 04:29:11 PM: INFO: *************** SearchCustomerByName_005 ***************
01/12/2023 04:29:11 PM: INFO: *************** SearchCustomerByName_005 ***************
01/12/2023 04:29:11 PM: INFO: *************** SearchCustomerByName_005 ***************
01/12/2023 04:29:11 PM: INFO: *************** SearchCustomerByName_005 ***************
01/12/2023 04:29:24 PM: INFO: **************** Login Successful ****************
01/12/2023 04:29:24 PM: INFO: **************** Login Successful ****************
01/12/2023 04:29:24 PM: INFO: **************** Login Successful ****************
01/12/2023 04:29:24 PM: INFO: **************** Login Successful ****************
01/12/2023 04:29:24 PM: INFO: **************** Login Successful ****************
01/12/2023 04:29:24 PM: INFO: **************** Starting searchCustomer By Name ****************
01/12/2023 04:29:24 PM: INFO: **************** Starting searchCustomer By Name ****************
01/12/2023 04:29:24 PM: INFO: **************** Starting searchCustomer By Name ****************
01/12/2023 04:29:24 PM: INFO: **************** Starting searchCustomer By Name ****************
01/12/2023 04:29:24 PM: INFO: **************** Starting searchCustomer By Name ****************
01/12/2023 04:29:26 PM: INFO: **************** Searching Customer By Name ****************
01/12/2023 04:29:26 PM: INFO: **************** Searching Customer By Name ****************
01/12/2023 04:29:26 PM: INFO: **************** Searching Customer By Name ****************
01/12/2023 04:29:26 PM: INFO: **************** Searching Customer By Name ****************
01/12/2023 04:29:26 PM: INFO: **************** Searching Customer By Name ****************
01/12/2023 04:29:32 PM: INFO: *************** TC_SearchCustomerByName_005 Finished ***************
01/12/2023 04:29:32 PM: INFO: *************** TC_SearchCustomerByName_005 Finished ***************
01/12/2023 04:29:32 PM: INFO: *************** TC_SearchCustomerByName_005 Finished ***************
01/12/2023 04:29:32 PM: INFO: *************** TC_SearchCustomerByName_005 Finished ***************
01/12/2023 04:29:32 PM: INFO: *************** TC_SearchCustomerByName_005 Finished ***************
01/12/2023 05:09:31 PM: INFO: **************** Test_003_AddCustomer ****************
01/12/2023 05:09:31 PM: INFO: **************** Test_003_AddCustomer ****************
01/12/2023 05:09:31 PM: INFO: **************** Test_003_AddCustomer ****************
01/12/2023 05:09:31 PM: INFO: **************** Test_003_AddCustomer ****************
01/12/2023 05:09:31 PM: INFO: **************** Test_003_AddCustomer ****************
01/12/2023 05:09:50 PM: INFO: **************** Login Successful ****************
01/12/2023 05:09:50 PM: INFO: **************** Login Successful ****************
01/12/2023 05:09:50 PM: INFO: **************** Login Successful ****************
01/12/2023 05:09:50 PM: INFO: **************** Login Successful ****************
01/12/2023 05:09:50 PM: INFO: **************** Login Successful ****************
01/12/2023 05:09:50 PM: INFO: **************** Starting addCustomer test ****************
01/12/2023 05:09:50 PM: INFO: **************** Starting addCustomer test ****************
01/12/2023 05:09:50 PM: INFO: **************** Starting addCustomer test ****************
01/12/2023 05:09:50 PM: INFO: **************** Starting addCustomer test ****************
01/12/2023 05:09:50 PM: INFO: **************** Starting addCustomer test ****************
01/12/2023 05:10:01 PM: INFO: **************** Providing Customer Info ****************
01/12/2023 05:10:01 PM: INFO: **************** Providing Customer Info ****************
01/12/2023 05:10:01 PM: INFO: **************** Providing Customer Info ****************
01/12/2023 05:10:01 PM: INFO: **************** Providing Customer Info ****************
01/12/2023 05:10:01 PM: INFO: **************** Providing Customer Info ****************
01/12/2023 05:10:16 PM: INFO: **************** Saving Customer Info ****************
01/12/2023 05:10:16 PM: INFO: **************** Saving Customer Info ****************
01/12/2023 05:10:16 PM: INFO: **************** Saving Customer Info ****************
01/12/2023 05:10:16 PM: INFO: **************** Saving Customer Info ****************
01/12/2023 05:10:16 PM: INFO: **************** Saving Customer Info ****************
01/12/2023 05:10:16 PM: INFO: **************** Add customer Validation Started ****************
01/12/2023 05:10:16 PM: INFO: **************** Add customer Validation Started ****************
01/12/2023 05:10:16 PM: INFO: **************** Add customer Validation Started ****************
01/12/2023 05:10:16 PM: INFO: **************** Add customer Validation Started ****************
01/12/2023 05:10:16 PM: INFO: **************** Add customer Validation Started ****************
01/12/2023 05:10:17 PM: INFO: **************** Add customer test passed ****************
01/12/2023 05:10:17 PM: INFO: **************** Add customer test passed ****************
01/12/2023 05:10:17 PM: INFO: **************** Add customer test passed ****************
01/12/2023 05:10:17 PM: INFO: **************** Add customer test passed ****************
01/12/2023 05:10:17 PM: INFO: **************** Add customer test passed ****************
01/12/2023 05:10:17 PM: INFO: **************** Ending Home Page Title Test ****************
01/12/2023 05:10:17 PM: INFO: **************** Ending Home Page Title Test ****************
01/12/2023 05:10:17 PM: INFO: **************** Ending Home Page Title Test ****************
01/12/2023 05:10:17 PM: INFO: **************** Ending Home Page Title Test ****************
01/12/2023 05:10:17 PM: INFO: **************** Ending Home Page Title Test ****************
01/12/2023 05:10:24 PM: INFO: ****************Verifying Login Test****************
01/12/2023 05:10:24 PM: INFO: ****************Verifying Login Test****************
01/12/2023 05:10:24 PM: INFO: ****************Verifying Login Test****************
01/12/2023 05:10:24 PM: INFO: ****************Verifying Login Test****************
01/12/2023 05:10:24 PM: INFO: ****************Verifying Login Test****************
01/12/2023 05:11:04 PM: INFO: ****************Login Test is passed****************
01/12/2023 05:11:04 PM: INFO: ****************Login Test is passed****************
01/12/2023 05:11:04 PM: INFO: ****************Login Test is passed****************
01/12/2023 05:11:04 PM: INFO: ****************Login Test is passed****************
01/12/2023 05:11:04 PM: INFO: ****************Login Test is passed****************
01/12/2023 05:13:44 PM: INFO: **************** Test_003_AddCustomer ****************
01/12/2023 05:13:44 PM: INFO: **************** Test_003_AddCustomer ****************
01/12/2023 05:13:44 PM: INFO: **************** Test_003_AddCustomer ****************
01/12/2023 05:13:44 PM: INFO: **************** Test_003_AddCustomer ****************
01/12/2023 05:13:44 PM: INFO: **************** Test_003_AddCustomer ****************
01/12/2023 05:13:57 PM: INFO: **************** Login Successful ****************
01/12/2023 05:13:57 PM: INFO: **************** Login Successful ****************
01/12/2023 05:13:57 PM: INFO: **************** Login Successful ****************
01/12/2023 05:13:57 PM: INFO: **************** Login Successful ****************
01/12/2023 05:13:57 PM: INFO: **************** Login Successful ****************
01/12/2023 05:13:57 PM: INFO: **************** Starting addCustomer test ****************
01/12/2023 05:13:57 PM: INFO: **************** Starting addCustomer test ****************
01/12/2023 05:13:57 PM: INFO: **************** Starting addCustomer test ****************
01/12/2023 05:13:57 PM: INFO: **************** Starting addCustomer test ****************
01/12/2023 05:13:57 PM: INFO: **************** Starting addCustomer test ****************
01/12/2023 05:14:05 PM: INFO: **************** Providing Customer Info ****************
01/12/2023 05:14:05 PM: INFO: **************** Providing Customer Info ****************
01/12/2023 05:14:05 PM: INFO: **************** Providing Customer Info ****************
01/12/2023 05:14:05 PM: INFO: **************** Providing Customer Info ****************
01/12/2023 05:14:05 PM: INFO: **************** Providing Customer Info ****************
01/12/2023 05:14:20 PM: INFO: **************** Saving Customer Info ****************
01/12/2023 05:14:20 PM: INFO: **************** Saving Customer Info ****************
01/12/2023 05:14:20 PM: INFO: **************** Saving Customer Info ****************
01/12/2023 05:14:20 PM: INFO: **************** Saving Customer Info ****************
01/12/2023 05:14:20 PM: INFO: **************** Saving Customer Info ****************
01/12/2023 05:14:20 PM: INFO: **************** Add customer Validation Started ****************
01/12/2023 05:14:20 PM: INFO: **************** Add customer Validation Started ****************
01/12/2023 05:14:20 PM: INFO: **************** Add customer Validation Started ****************
01/12/2023 05:14:20 PM: INFO: **************** Add customer Validation Started ****************
01/12/2023 05:14:20 PM: INFO: **************** Add customer Validation Started ****************
01/12/2023 05:14:21 PM: INFO: **************** Add customer test passed ****************
01/12/2023 05:14:21 PM: INFO: **************** Add customer test passed ****************
01/12/2023 05:14:21 PM: INFO: **************** Add customer test passed ****************
01/12/2023 05:14:21 PM: INFO: **************** Add customer test passed ****************
01/12/2023 05:14:21 PM: INFO: **************** Add customer test passed ****************
01/12/2023 05:14:21 PM: INFO: **************** Ending Home Page Title Test ****************
01/12/2023 05:14:21 PM: INFO: **************** Ending Home Page Title Test ****************
01/12/2023 05:14:21 PM: INFO: **************** Ending Home Page Title Test ****************
01/12/2023 05:14:21 PM: INFO: **************** Ending Home Page Title Test ****************
01/12/2023 05:14:21 PM: INFO: **************** Ending Home Page Title Test ****************
01/12/2023 05:14:36 PM: INFO: ****************Verifying Login Test****************
01/12/2023 05:14:36 PM: INFO: ****************Verifying Login Test****************
01/12/2023 05:14:36 PM: INFO: ****************Verifying Login Test****************
01/12/2023 05:14:36 PM: INFO: ****************Verifying Login Test****************
01/12/2023 05:14:36 PM: INFO: ****************Verifying Login Test****************
01/12/2023 05:15:10 PM: INFO: ****************Login Test is passed****************
01/12/2023 05:15:10 PM: INFO: ****************Login Test is passed****************
01/12/2023 05:15:10 PM: INFO: ****************Login Test is passed****************
01/12/2023 05:15:10 PM: INFO: ****************Login Test is passed****************
01/12/2023 05:15:10 PM: INFO: ****************Login Test is passed****************
